Testing passwords for: sample.rar

Tested: 1
Tested: 2
Tested: 3
Tested: 4
Tested: 5
Tested: 6
Tested: 7
Tested: 8
Tested: 9
Tested: 11
Tested: 13
Tested: 142
Tested: 125
Tested: 156
Tested: 12
Tested: 14
Tested: 16
Tested: 22
Tested: 33
Tested: 4
Tested: 44
Tested: 55
Tested: 66
Tested: 77
Tested: 88945
Tested: 2334
Tested: 346
Tested: 68
Tested: 3456
Tested: 854
Tested: 245
Tested: 123
Tested: sa
Tested: w
Tested: dwa
Tested: 231
Tested: 43
Tested: 667
Tested: 8789
Tested: 43
Tested: 254
Tested: 56
Tested: 7
Tested: 5345
Tested: 464
Tested: 77
Tested: 57856745
Tested: 34
Tested: 647
Tested: 5678
Tested: 96
Tested: 567
Tested: 522
Tested: 8
Tested: 1210542
Tested: 145721
Tested: 48
Tested: 1285
Tested: 520
Tested: 156
Tested: 42354
Tested: 120
Tested: 1
Tested: 56
Tested: 74
Tested: 2
Tested: .
Tested: 4
Tested: 8
Tested: 231568412
Tested: 5
Tested: 4
Tested: 51
Tested: 2
Tested: 4
Tested: 6
Tested: 13
Tested: 1
Tested: 9
Tested: 8
Tested: 4
Tested: 34519861
Tested: 34
Tested: 9341
Tested: 9
Tested: 1324198
Tested: 74/8596
Tested: 859
Tested: 896
Tested: 7485
Tested: 653
Tested: 4152
Tested: 6523
Tested: 859
Tested: 7485
Tested: 4152
Tested: 5263
Tested: 98
Tested: 8524
Tested: 5
Tested: 52
Tested: 46
Tested: 16347
Tested: 6
Tested: 137
Tested: 46
Tested: 13
Tested: 45
Tested: 6163461
Tested: 345
Tested: 31
Tested: 634
Tested: 6
Tested: 1
Tested: 3.1
Tested: 563
Tested: 19
Tested: 684631
Tested: 914
Tested: 198
Tested: 6
Tested: 45
Tested: 9
Tested: 63454
Tested: 6567
Tested: 6874
Tested: 52545
Tested: 6787
Tested: 98
Tested: 686707
Tested: 896
Tested: 4
Tested: 65678679
Tested: 45635
Tested: 678
Tested: @
Tested: $
Tested: #
Tested: %
Tested: ^
Tested: &
Tested: &
Tested: *23423#
Tested: %Qw4
Tested: 65#
Tested: 34356
Tested: #
Tested: 5345667@#
Tested: 456784
Tested: #
Tested: 45356!@
Tested: 342345
Tested: #%3436
Tested: asd
Tested: 231
Tested: 345
Tested: 44
Tested: 567578856
Tested: 35
Tested: 2342534
Tested: 645
Tested: 67
Tested: 785786
Tested: 74
Tested: 63
Tested: 5625
Tested: 24
Tested: 566
Tested: 47
Tested: 68
Tested: 456
Tested: 3523
Tested: 1
Tested: 2
Tested: 3
Tested: 4
Tested: 5
Tested: 6
Tested: 7
Tested: 8
Tested: 9
Tested: 11
Tested: 13
Tested: 142
Tested: 125
Tested: 156
Tested: 12
Tested: 14
Tested: 16
Tested: 22
Tested: 33
Tested: 4
Tested: 44
Tested: 55
Tested: 66
Tested: 77
Tested: 88945
Tested: 2334
Tested: 346
Tested: 68
Tested: 3456
Tested: 854
Tested: 245
Tested: 123
Tested: sa
Tested: w
Tested: dwa
Tested: 231
Tested: 43
Tested: 667
Tested: 8789
Tested: 43
Tested: 254
Tested: 56
Tested: 7
Tested: 5345
Tested: 464
Tested: 77
Tested: 57856745
Tested: 34
Tested: 647
Tested: 5678
Tested: 96
Tested: 567
Tested: 522
Tested: 8
Tested: 1210542
Tested: 145721
Tested: 48
Tested: 1285
Tested: 520
Tested: 156
Tested: 42354
Tested: 120
Tested: 1
Tested: 56
Tested: 74
Tested: 2
Tested: .
Tested: 4
Tested: 8
Tested: 231568412
Tested: 5
Tested: 4
Tested: 51
Tested: 2
Tested: 4
Tested: 6
Tested: 13
Tested: 1
Tested: 9
Tested: 8
Tested: 4
Tested: 34519861
Tested: 34
Tested: 9341
Tested: 9
Tested: 1324198
Tested: 74/8596
Tested: 859
Tested: 896
Tested: 7485
Tested: 653
Tested: 4152
Tested: 6523
Tested: 859
Tested: 7485
Tested: 4152
Tested: 5263
Tested: 98
Tested: 8524
Tested: 5
Tested: 52
Tested: 46
Tested: 16347
Tested: 6
Tested: 137
Tested: 46
Tested: 13
Tested: 45
Tested: 6163461
Tested: 345
Tested: 31
Tested: 634
Tested: 6
Tested: 1
Tested: 3.1
Tested: 563
Tested: 19
Tested: 684631
Tested: 914
Tested: 198
Tested: 6
Tested: 45
Tested: 9
Tested: 63454
Tested: 6567
Tested: 6874
Tested: 52545
Tested: 6787
Tested: 98
Tested: 686707
Tested: 896
Tested: 4
Tested: 65678679
Tested: 45635
Tested: 678
Tested: @
Tested: $
Tested: #
Tested: %
Tested: ^
Tested: &
Tested: &
Tested: *23423#
Tested: %Qw4
Tested: 65#
Tested: 34356
Tested: #
Tested: 5345667@#
Tested: 456784
Tested: #
Tested: 45356!@
Tested: 342345
Tested: #%3436
Tested: asd
Tested: 231
Tested: 345
Tested: 44
Tested: 567578856
Tested: 35
Tested: 2342534
Tested: 645
Tested: 67
Tested: 785786
Tested: 74
Tested: 63
Tested: 5625
Tested: 24
Tested: 566
Tested: 47
Tested: 68
Tested: 456
Tested: 35231
Tested: 2
Tested: 3
Tested: 4
Tested: 5
Tested: 6
Tested: 7
Tested: 8
Tested: 9
Tested: 11
Tested: 13
Tested: 142
Tested: 125
Tested: 156
Tested: 12
Tested: 14
Tested: 16
Tested: 22
Tested: 33
Tested: 4
Tested: 44
Tested: 55
Tested: 66
Tested: 77
Tested: 88945
Tested: 2334
Tested: 346
Tested: 68
Tested: 3456
Tested: 854
Tested: 245
Tested: 123
Tested: sa
Tested: w
Tested: dwa
Tested: 231
Tested: 43
Tested: 667
Tested: 8789
Tested: 43
Tested: 254
Tested: 56
Tested: 7
Tested: 5345
Tested: 464
Tested: 77
Tested: 57856745
Tested: 34
Tested: 647
Tested: 5678
Tested: 96
Tested: 567
Tested: 522
Tested: 8
Tested: 1210542
Tested: 145721
Tested: 48
Tested: 1285
Tested: 520
Tested: 156
Tested: 42354
Tested: 120
Tested: 1
Tested: 56
Tested: 74
Tested: 2
Tested: .
Tested: 4
Tested: 8
Tested: 231568412
Tested: 5
Tested: 4
Tested: 51
Tested: 2
Tested: 4
Tested: 6
Tested: 13
Tested: 1
Tested: 9
Tested: 8
Tested: 4
Tested: 34519861
Tested: 34
Tested: 9341
Tested: 9
Tested: 1324198
Tested: 74/8596
Tested: 859
Tested: 896
Tested: 7485
Tested: 653
Tested: 4152
Tested: 6523
Tested: 859
Tested: 7485
Tested: 4152
Tested: 5263
Tested: 98
Tested: 8524
Tested: 5
Tested: 52
Tested: 46
Tested: 16347
Tested: 6
Tested: 137
Tested: 46
Tested: 13
Tested: 45
Tested: 6163461
Tested: 345
Tested: 31
Tested: 634
Tested: 6
Tested: 1
Tested: 3.1
Tested: 563
Tested: 19
Tested: 684631
Tested: 914
Tested: 198
Tested: 6
Tested: 45
Tested: 9
Tested: 63454
Tested: 6567
Tested: 6874
Tested: 52545
Tested: 6787
Tested: 98
Tested: 686707
Tested: 896
Tested: 4
Tested: 65678679
Tested: 45635
Tested: 678
Tested: @
Tested: $
Tested: #
Tested: %
Tested: ^
Tested: &
Tested: &
Tested: *23423#
Tested: %Qw4
Tested: 65#
Tested: 34356
Tested: #
Tested: 5345667@#
Tested: 456784
Tested: #
Tested: 45356!@
Tested: 342345
Tested: #%3436
Tested: asd
Tested: 231
Tested: 345
Tested: 44
Tested: 567578856
Tested: 35
Tested: 2342534
Tested: 645
Tested: 67
Tested: 785786
Tested: 74
Tested: 63
Tested: 5625
Tested: 24
Tested: 566
Tested: 47
Tested: 68
Tested: 456
Tested: 35231
Tested: 2
Tested: 3
Tested: 4
Tested: 5
Tested: 6
Tested: 7
Tested: 8
Tested: 9
Tested: 11
Tested: 13
Tested: 142
Tested: 125
Tested: 156
Tested: 12
Tested: 14
Tested: 16
Tested: 22
Tested: 33
Tested: 4
Tested: 44
Tested: 55
Tested: 66
Tested: 77
Tested: 88945
Tested: 2334
Tested: 346
Tested: 68
Tested: 3456
Tested: 854
Tested: 245
Tested: 123
Tested: sa
Tested: w
Tested: dwa
Tested: 231
Tested: 43
Tested: 667
Tested: 8789
Tested: 43
Tested: 254
Tested: 56
Tested: 7
Tested: 5345
Tested: 464
Tested: 77
Tested: 57856745
Tested: 34
Tested: 647
Tested: 5678
Tested: 96
Tested: 567
Tested: 522
Tested: 8
Tested: 1210542
Tested: 145721
Tested: 48
Tested: 1285
Tested: 520
Tested: 156
Tested: 42354
Tested: 120
Tested: 1
Tested: 56
Tested: 74
Tested: 2
Tested: .
Tested: 4
Tested: 8
Tested: 231568412
Tested: 5
Tested: 4
Tested: 51
Tested: 2
Tested: 4
Tested: 6
Tested: 13
Tested: 1
Tested: 9
Tested: 8
Tested: 4
Tested: 34519861
Tested: 34
Tested: 9341
Tested: 9
Tested: 1324198
Tested: 74/8596
Tested: 859
Tested: 896
Tested: 7485
Tested: 653
Tested: 4152
Tested: 6523
Tested: 859
Tested: 7485
Tested: 4152
Tested: 5263
Tested: 98
Tested: 8524
Tested: 5
Tested: 52
Tested: 46
Tested: 16347
Tested: 6
Tested: 137
Tested: 46
Tested: 13
Tested: 45
Tested: 6163461
Tested: 345
Tested: 31
Tested: 634
Tested: 6
Tested: 1
Tested: 3.1
Tested: 563
Tested: 19
Tested: 684631
Tested: 914
Tested: 198
Tested: 6
Tested: 45
Tested: 9
Tested: 63454
Tested: 6567
Tested: 6874
Tested: 52545
Tested: 6787
Tested: 98
Tested: 686707
Tested: 896
Tested: 4
Tested: 65678679
Tested: 45635
Tested: 678
Tested: @
Tested: $
Tested: #
Tested: %
Tested: ^
Tested: &
Tested: &
Tested: *23423#
Tested: %Qw4
Tested: 65#
Tested: 34356
Tested: #
Tested: 5345667@#
Tested: 456784
Tested: #
Tested: 45356!@
Tested: 342345
Tested: #%3436
Tested: asd
Tested: 231
Tested: 345
Tested: 44
Tested: 567578856
Tested: 35
Tested: 2342534
Tested: 645
Tested: 67
Tested: 785786
Tested: 74
Tested: 63
Tested: 5625
Tested: 24
Tested: 566
Tested: 47
Tested: 68
Tested: 456
Tested: 35231
Tested: 2
Tested: 3
Tested: 4
Tested: 5
Tested: 6
Tested: 7
Tested: 8
Tested: 9
Tested: 11
Tested: 13
Tested: 142
Tested: 125
Tested: 156
Tested: 12
Tested: 14
Tested: 16
Tested: 22
Tested: 33
Tested: 4
Tested: 44
Tested: 55
Tested: 66
Tested: 77
Tested: 88945
Tested: 2334
Tested: 346
Tested: 68
Tested: 3456
Tested: 854
Tested: 245
Tested: 123
Tested: sa
Tested: w
Tested: dwa
Tested: 231
Tested: 43
Tested: 667
Tested: 8789
Tested: 43
Tested: 254
Tested: 56
Tested: 7
Tested: 5345
Tested: 464
Tested: 77
Tested: 57856745
Tested: 34
Tested: 647
Tested: 5678
Tested: 96
Tested: 567
Tested: 522
Tested: 8
Tested: 1210542
Tested: 145721
Tested: 48
Tested: 1285
Tested: 520
Tested: 156
Tested: 42354
Tested: 120
Tested: 1
Tested: 56
Tested: 74
Tested: 2
Tested: .
Tested: 4
Tested: 8
Tested: 231568412
Tested: 5
Tested: 4
Tested: 51
Tested: 2
Tested: 4
Tested: 6
Tested: 13
Tested: 1
Tested: 9
Tested: 8
Tested: 4
Tested: 34519861
Tested: 34
Tested: 9341
Tested: 9
Tested: 1324198
Tested: 74/8596
Tested: 859
Tested: 896
Tested: 7485
Tested: 653
Tested: 4152
Tested: 6523
Tested: 859
Tested: 7485
Tested: 4152
Tested: 5263
Tested: 98
Tested: 8524
Tested: 5
Tested: 52
Tested: 46
Tested: 16347
Tested: 6
Tested: 137
Tested: 46
Tested: 13
Tested: 45
Tested: 6163461
Tested: 345
Tested: 31
Tested: 634
Tested: 6
Tested: 1
Tested: 3.1
Tested: 563
Tested: 19
Tested: 684631
Tested: 914
Tested: 198
Tested: 6
Tested: 45
Tested: 9
Tested: 63454
Tested: 6567
Tested: 6874
Tested: 52545
Tested: 6787
Tested: 98
Tested: 686707
Tested: 896
Tested: 4
Tested: 65678679
Tested: 45635
Tested: 678
Tested: @
Tested: $
Tested: #
Tested: %
Tested: ^
Tested: &
Tested: &
Tested: *23423#
Tested: %Qw4
Tested: 65#
Tested: 34356
Tested: #
Tested: 5345667@#
Tested: 456784
Tested: #
Tested: 45356!@
Tested: 342345
Tested: #%3436
Tested: asd
Tested: 231
Tested: 345
Tested: 44
Tested: 567578856
Tested: 35
Tested: 2342534
Tested: 645
Tested: 67
Tested: 785786
Tested: 74
Tested: 63
Tested: 5625
Tested: 24
Tested: 566
Tested: 47
Tested: 68
Tested: 456
Tested: 35231
Tested: 2
Tested: 3
Tested: 4
Tested: 5
Tested: 6
Tested: 7
Tested: 8
Tested: 9
Tested: 11
Tested: 13
Tested: 142
Tested: 125
Tested: 156
Tested: 12
Tested: 14
Tested: 16
Tested: 22
Tested: 33
Tested: 4
Tested: 44
Tested: 55
Tested: 66
Tested: 77
Tested: 88945
Tested: 2334
Tested: 346
Tested: 68
Tested: 3456
Tested: 854
Tested: 245
Tested: 123
Tested: sa
Tested: w
Tested: dwa
Tested: 231
Tested: 43
Tested: 667
Tested: 8789
Tested: 43
Tested: 254
Tested: 56
Tested: 7
Tested: 5345
Tested: 464
Tested: 77
Tested: 57856745
Tested: 34
Tested: 647
Tested: 5678
Tested: 96
Tested: 567
Tested: 522
Tested: 8
Tested: 1210542
Tested: 145721
Tested: 48
Tested: 1285
Tested: 520
Tested: 156
Tested: 42354
Tested: 120
Tested: 1
Tested: 56
Tested: 74
Tested: 2
Tested: .
Tested: 4
Tested: 8
Tested: 231568412
Tested: 5
Tested: 4
Tested: 51
Tested: 2
Tested: 4
Tested: 6
Tested: 13
Tested: 1
Tested: 9
Tested: 8
Tested: 4
Tested: 34519861
Tested: 34
Tested: 9341
Tested: 9
Tested: 1324198
Tested: 74/8596
Tested: 859
Tested: 896
Tested: 7485
Tested: 653
Tested: 4152
Tested: 6523
Tested: 859
Tested: 7485
Tested: 4152
Tested: 5263
Tested: 98
Tested: 8524
Tested: 5
Tested: 52
Tested: 46
Tested: 16347
Tested: 6
Tested: 137
Tested: 46
Tested: 13
Tested: 45
Tested: 6163461
Tested: 345
Tested: 31
Tested: 634
Tested: 6
Tested: 1
Tested: 3.1
Tested: 563
Tested: 19
Tested: 684631
Tested: 914
Tested: 198
Tested: 6
Tested: 45
Tested: 9
Tested: 63454
Tested: 6567
Tested: 6874
Tested: 52545
Tested: 6787
Tested: 98
Tested: 686707
Tested: 896
Tested: 4
Tested: 65678679
Tested: 45635
Tested: 678
Tested: @
Tested: $
Tested: #
Tested: %
Tested: ^
Tested: &
Tested: &
Tested: *23423#
Tested: %Qw4
Tested: 65#
Tested: 34356
Tested: #
Tested: 5345667@#
Tested: 456784
Tested: #
Tested: 45356!@
Tested: 342345
Tested: #%3436
Tested: asd
Tested: 231
Tested: 345
Tested: 44
Tested: 567578856
Tested: 35
Tested: 2342534
Tested: 645
Tested: 67
Tested: 785786
Tested: 74
Tested: 63
Tested: 5625
Tested: 24
Tested: 566
Tested: 47
Tested: 68
Tested: 456
Tested: 35231
Tested: 2
Tested: 3
Tested: 4
Tested: 5
Tested: 6
Tested: 7
Tested: 8
Tested: 9
Tested: 11
Tested: 13
Tested: 142
Tested: 125
Tested: 156
Tested: 12
Tested: 14
Tested: 16
Tested: 22
Tested: 33
Tested: 4
Tested: 44
Tested: 55
Tested: 66
Tested: 77
Tested: 88945
Tested: 2334
Tested: 346
Tested: 68
Tested: 3456
Tested: 854
Tested: 245
Tested: 123
Tested: sa
Tested: w
Tested: dwa
Tested: 231
Tested: 43
Tested: 667
Tested: 8789
Tested: 43
Tested: 254
Tested: 56
Tested: 7
Tested: 5345
Tested: 464
Tested: 77
Tested: 57856745
Tested: 34
Tested: 647
Tested: 5678
Tested: 96
Tested: 567
Tested: 522
Tested: 8
Tested: 1210542
Tested: 145721
Tested: 48
Tested: 1285
Tested: 520
Tested: 156
Tested: 42354
Tested: 120
Tested: 1
Tested: 56
Tested: 74
Tested: 2
Tested: .
Tested: 4
Tested: 8
Tested: 231568412
Tested: 5
Tested: 4
Tested: 51
Tested: 2
Tested: 4
Tested: 6
Tested: 13
Tested: 1
Tested: 9
Tested: 8
Tested: 4
Tested: 34519861
Tested: 34
Tested: 9341
Tested: 9
Tested: 1324198
Tested: 74/8596
Tested: 859
Tested: 896
Tested: 7485
Tested: 653
Tested: 4152
Tested: 6523
Tested: 859
Tested: 7485
Tested: 4152
Tested: 5263
Tested: 98
Tested: 8524
Tested: 5
Tested: 52
Tested: 46
Tested: 16347
Tested: 6
Tested: 137
Tested: 46
Tested: 13
Tested: 45
Tested: 6163461
Tested: 345
Tested: 31
Tested: 634
Tested: 6
Tested: 1
Tested: 3.1
Tested: 563
Tested: 19
Tested: 684631
Tested: 914
Tested: 198
Tested: 6
Tested: 45
Tested: 9
Tested: 63454
Tested: 6567
Tested: 6874
Tested: 52545
Tested: 6787
Tested: 98
Tested: 686707
Tested: 896
Tested: 4
Tested: 65678679
Tested: 45635
Tested: 678
Tested: @
Tested: $
Tested: #
Tested: %
Tested: ^
Tested: &
Tested: &
Tested: *23423#
Tested: %Qw4
Tested: 65#
Tested: 34356
Tested: #
Tested: 5345667@#
Tested: 456784
Tested: #
Tested: 45356!@
Tested: 342345
Tested: #%3436
Tested: asd
Tested: 231
Tested: 345
Tested: 44
Tested: 567578856
Tested: 35
Tested: 2342534
Tested: 645
Tested: 67
Tested: 785786
Tested: 74
Tested: 63
Tested: 5625
Tested: 24
Tested: 566
Tested: 47
Tested: 68
Tested: 456
Tested: 35231
Tested: 2
Tested: 3
Tested: 4
Tested: 5
Tested: 6
Tested: 7
Tested: 8
Tested: 9
Tested: 11
Tested: 13
Tested: 142
Tested: 125
Tested: 156
Tested: 12
Tested: 14
Tested: 16
Tested: 22
Tested: 33
Tested: 4
Tested: 44
Tested: 55
Tested: 66
Tested: 77
Tested: 88945
Tested: 2334
Tested: 346
Tested: 68
Tested: 3456
Tested: 854
Tested: 245
Tested: 123
Tested: sa
Tested: w
Tested: dwa
Tested: 231
Tested: 43
Tested: 667
Tested: 8789
Tested: 43
Tested: 254
Tested: 56
Tested: 7
Tested: 5345
Tested: 464
Tested: 77
Tested: 57856745
Tested: 34
Tested: 647
Tested: 5678
Tested: 96
Tested: 567
Tested: 522
Tested: 8
Tested: 1210542
Tested: 145721
Tested: 48
Tested: 1285
Tested: 520
Tested: 156
Tested: 42354
Tested: 120
Tested: 1
Tested: 56
Tested: 74
Tested: 2
Tested: .
Tested: 4
Tested: 8
Tested: 231568412
Tested: 5
Tested: 4
Tested: 51
Tested: 2
Tested: 4
Tested: 6
Tested: 13
Tested: 1
Tested: 9
Tested: 8
Tested: 4
Tested: 34519861
Tested: 34
Tested: 9341
Tested: 9
Tested: 1324198
Tested: 74/8596
Tested: 859
Tested: 896
Tested: 7485
Tested: 653
Tested: 4152
Tested: 6523
Tested: 859
Tested: 7485
Tested: 4152
Tested: 5263
Tested: 98
Tested: 8524
Tested: 5
Tested: 52
Tested: 46
Tested: 16347
Tested: 6
Tested: 137
Tested: 46
Tested: 13
Tested: 45
Tested: 6163461
Tested: 345
Tested: 31
Tested: 634
Tested: 6
Tested: 1
Tested: 3.1
Tested: 563
Tested: 19
Tested: 684631
Tested: 914
Tested: 198
Tested: 6
Tested: 45
Tested: 9
Tested: 63454
Tested: 6567
Tested: 6874
Tested: 52545
Tested: 6787
Tested: 98
Tested: 686707
Tested: 896
Tested: 4
Tested: 65678679
Tested: 45635
Tested: 678
Tested: @
Tested: $
Tested: #
Tested: %
Tested: ^
Tested: &
Tested: &
Tested: *23423#
Tested: %Qw4
Tested: 65#
Tested: 34356
Tested: #
Tested: 5345667@#
Tested: 456784
Tested: #
Tested: 45356!@
Tested: 342345
Tested: #%3436
Tested: asd
Tested: 231
Tested: 345
Tested: 44
Tested: 567578856
Tested: 35
Tested: 2342534
Tested: 645
Tested: 67
Tested: 785786
Tested: 74
Tested: 63
Tested: 5625
Tested: 24
Tested: 566
Tested: 47
Tested: 68
Tested: 456
Tested: 35231
Tested: 2
Tested: 3
Tested: 4
Tested: 5
Tested: 6
Tested: 7
Tested: 8
Tested: 9
Tested: 11
Tested: 13
Tested: 142
Tested: 125
Tested: 156
Tested: 12
Tested: 14
Tested: 16
Tested: 22
Tested: 33
Tested: 4
Tested: 44
Tested: 55
Tested: 66
Tested: 77
Tested: 88945
Tested: 2334
Tested: 346
Tested: 68
Tested: 3456
Tested: 854
Tested: 245
Tested: 123
Tested: sa
Tested: w
Tested: dwa
Tested: 231
Tested: 43
Tested: 667
Tested: 8789
Tested: 43
Tested: 254
Tested: 56
Tested: 7
Tested: 5345
Tested: 464
Tested: 77
Tested: 57856745
Tested: 34
Tested: 647
Tested: 5678
Tested: 96
Tested: 567
Tested: 522
Tested: 8
Tested: 1210542
Tested: 145721
Tested: 48
Tested: 1285
Tested: 520
Tested: 156
Tested: 42354
Tested: 120
Tested: 1
Tested: 56
Tested: 74
Tested: 2
Tested: .
Tested: 4
Tested: 8
Tested: 231568412
Tested: 5
Tested: 4
Tested: 51
Tested: 2
Tested: 4
Tested: 6
Tested: 13
Tested: 1
Tested: 9
Tested: 8
Tested: 4
Tested: 34519861
Tested: 34
Tested: 9341
Tested: 9
Tested: 1324198
Tested: 74/8596
Tested: 859
Tested: 896
Tested: 7485
Tested: 653
Tested: 4152
Tested: 6523
Tested: 859
Tested: 7485
Tested: 4152
Tested: 5263
Tested: 98
Tested: 8524
Tested: 5
Tested: 52
Tested: 46
Tested: 16347
Tested: 6
Tested: 137
Tested: 46
Tested: 13
Tested: 45
Tested: 6163461
Tested: 345
Tested: 31
Tested: 634
Tested: 6
Tested: 1
Tested: 3.1
Tested: 563
Tested: 19
Tested: 684631
Tested: 914
Tested: 198
Tested: 6
Tested: 45
Tested: 9
Tested: 63454
Tested: 6567
Tested: 6874
Tested: 52545
Tested: 6787
Tested: 98
Tested: 686707
Tested: 896
Tested: 4
Tested: 65678679
Tested: 45635
Tested: 678
Tested: @
Tested: $
Tested: #
Tested: %
Tested: ^
Tested: &
Tested: &
Tested: *23423#
Tested: %Qw4
Tested: 65#
Tested: 34356
Tested: #
Tested: 5345667@#
Tested: 456784
Tested: #
Tested: 45356!@
Tested: 342345
Tested: #%3436
Tested: asd
Tested: 231
Tested: 345
Tested: 44
Tested: 567578856
Tested: 35
Tested: 2342534
Tested: 645
Tested: 67
Tested: 785786
Tested: 74
Tested: 63
Tested: 5625
Tested: 24
Tested: 566
Tested: 47
Tested: 68
Tested: 456
Tested: 35231
Tested: 2
Tested: 3
Tested: 4
Tested: 5
Tested: 6
Tested: 7
Tested: 8
Tested: 9
Tested: 11
Tested: 13
Tested: 142
Tested: 125
Tested: 156
Tested: 12
Tested: 14
Tested: 16
Tested: 22
Tested: 33
Tested: 4
Tested: 44
Tested: 55
Tested: 66
Tested: 77
Tested: 88945
Tested: 2334
Tested: 346
Tested: 68
Tested: 3456
Tested: 854
Tested: 245
Tested: 123
Tested: sa
Tested: w
Tested: dwa
Tested: 231
Tested: 43
Tested: 667
Tested: 8789
Tested: 43
Tested: 254
Tested: 56
Tested: 7
Tested: 5345
Tested: 464
Tested: 77
Tested: 57856745
Tested: 34
Tested: 647
Tested: 5678
Tested: 96
Tested: 567
Tested: 522
Tested: 8
Tested: 1210542
Tested: 145721
Tested: 48
Tested: 1285
Tested: 520
Tested: 156
Tested: 42354
Tested: 120
Tested: 1
Tested: 56
Tested: 74
Tested: 2
Tested: .
Tested: 4
Tested: 8
Tested: 231568412
Tested: 5
Tested: 4
Tested: 51
Tested: 2
Tested: 4
Tested: 6
Tested: 13
Tested: 1
Tested: 9
Tested: 8
Tested: 4
Tested: 34519861
Tested: 34
Tested: 9341
Tested: 9
Tested: 1324198
Tested: 74/8596
Tested: 859
Tested: 896
Tested: 7485
Tested: 653
Tested: 4152
Tested: 6523
Tested: 859
Tested: 7485
Tested: 4152
Tested: 5263
Tested: 98
Tested: 8524
Tested: 5
Tested: 52
Tested: 46
Tested: 16347
Tested: 6
Tested: 137
Tested: 46
Tested: 13
Tested: 45
Tested: 6163461
Tested: 345
Tested: 31
Tested: 634
Tested: 6
Tested: 1
Tested: 3.1
Tested: 563
Tested: 19
Tested: 684631
Tested: 914
Tested: 198
Tested: 6
Tested: 45
Tested: 9
Tested: 63454
Tested: 6567
Tested: 6874
Tested: 52545
Tested: 6787
Tested: 98
Tested: 686707
Tested: 896
Tested: 4
Tested: 65678679
Tested: 45635
Tested: 678
Tested: @
Tested: $
Tested: #
Tested: %
Tested: ^
Tested: &
Tested: &
Tested: *23423#
Tested: %Qw4
Tested: 65#
Tested: 34356
Tested: #
Tested: 5345667@#
Tested: 456784
Tested: #
Tested: 45356!@
Tested: 342345
Tested: #%3436
Tested: asd
Tested: 231
Tested: 345
Tested: 44
Tested: 567578856
Tested: 35
Tested: 2342534
Tested: 645
Tested: 67
Tested: 785786
Tested: 74
Tested: 63
Tested: 5625
Tested: 24
Tested: 566
Tested: 47
Tested: 68
Tested: 456
Tested: 35231
Tested: 2
Tested: 3
Tested: 4
Tested: 5
Tested: 6
Tested: 7
Tested: 8
Tested: 9
Tested: 11
Tested: 13
Tested: 142
Tested: 125
Tested: 156
Tested: 12
Tested: 14
Tested: 16
Tested: 22
Tested: 33
Tested: 4
Tested: 44
Tested: 55
Tested: 66
Tested: 77
Tested: 88945
Tested: 2334
Tested: 346
Tested: 68
Tested: 3456
Tested: 854
Tested: 245
Tested: 123
Tested: sa
Tested: w
Tested: dwa
Tested: 231
Tested: 43
Tested: 667
Tested: 8789
Tested: 43
Tested: 254
Tested: 56
Tested: 7
Tested: 5345
Tested: 464
Tested: 77
Tested: 57856745
Tested: 34
Tested: 647
Tested: 5678
Tested: 96
Tested: 567
Tested: 522
Tested: 8
Tested: 1210542
Tested: 145721
Tested: 48
Tested: 1285
Tested: 520
Tested: 156
Tested: 42354
Tested: 120
Tested: 1
Tested: 56
Tested: 74
Tested: 2
Tested: .
Tested: 4
Tested: 8
Tested: 231568412
Tested: 5
Tested: 4
Tested: 51
Tested: 2
Tested: 4
Tested: 6
Tested: 13
Tested: 1
Tested: 9
Tested: 8
Tested: 4
Tested: 34519861
Tested: 34
Tested: 9341
Tested: 9
Tested: 1324198
Tested: 74/8596
Tested: 859
Tested: 896
Tested: 7485
Tested: 653
Tested: 4152
Tested: 6523
Tested: 859
Tested: 7485
Tested: 4152
Tested: 5263
Tested: 98
Tested: 8524
Tested: 5
Tested: 52
Tested: 46
Tested: 16347
Tested: 6
Tested: 137
Tested: 46
Tested: 13
Tested: 45
Tested: 6163461
Tested: 345
Tested: 31
Tested: 634
Tested: 6
Tested: 1
Tested: 3.1
Tested: 563
Tested: 19
Tested: 684631
Tested: 914
Tested: 198
Tested: 6
Tested: 45
Tested: 9
Tested: 63454
Tested: 6567
Tested: 6874
Tested: 52545
Tested: 6787
Tested: 98
Tested: 686707
Tested: 896
Tested: 4
Tested: 65678679
Tested: 45635
Tested: 678
Tested: @
Tested: $
Tested: #
Tested: %
Tested: ^
Tested: &
Tested: &
Tested: *23423#
Tested: %Qw4
Tested: 65#
Tested: 34356
Tested: #
Tested: 5345667@#
Tested: 456784
Tested: #
Tested: 45356!@
Tested: 342345
Tested: #%3436
Tested: asd
Tested: 231
Tested: 345
Tested: 44
Tested: 567578856
Tested: 35
Tested: 2342534
Tested: 645
Tested: 67
Tested: 785786
Tested: 74
Tested: 63
Tested: 5625
Tested: 24
Tested: 566
Tested: 47
Tested: 68
Tested: 456
Tested: 35231
Tested: 2
Tested: 3
Tested: 4
Tested: 5
Tested: 6
Tested: 7
Tested: 8
Tested: 9
Tested: 11
Tested: 13
Tested: 142
Tested: 125
Tested: 156
Tested: 12
Tested: 14
Tested: 16
Tested: 22
Tested: 33
Tested: 4
Tested: 44
Tested: 55
Tested: 66
Tested: 77
Tested: 88945
Tested: 2334
Tested: 346
Tested: 68
Tested: 3456
Tested: 854
Tested: 245
Tested: 123
Tested: sa
Tested: w
Tested: dwa
Tested: 231
Tested: 43
Tested: 667
Tested: 8789
Tested: 43
Tested: 254
Tested: 56
Tested: 7
Tested: 5345
Tested: 464
Tested: 77
Tested: 57856745
Tested: 34
Tested: 647
Tested: 5678
Tested: 96
Tested: 567
Tested: 522
Tested: 8
Tested: 1210542
Tested: 145721
Tested: 48
Tested: 1285
Tested: 520
Tested: 156
Tested: 42354
Tested: 120
Tested: 1
Tested: 56
Tested: 74
Tested: 2
Tested: .
Tested: 4
Tested: 8
Tested: 231568412
Tested: 5
Tested: 4
Tested: 51
Tested: 2
Tested: 4
Tested: 6
Tested: 13
Tested: 1
Tested: 9
Tested: 8
Tested: 4
Tested: 34519861
Tested: 34
Tested: 9341
Tested: 9
Tested: 1324198
Tested: 74/8596
Tested: 859
Tested: 896
Tested: 7485
Tested: 653
Tested: 4152
Tested: 6523
Tested: 859
Tested: 7485
Tested: 4152
Tested: 5263
Tested: 98
Tested: 8524
Tested: 5
Tested: 52
Tested: 46
Tested: 16347
Tested: 6
Tested: 137
Tested: 46
Tested: 13
Tested: 45
Tested: 6163461
Tested: 345
Tested: 31
Tested: 634
Tested: 6
Tested: 1
Tested: 3.1
Tested: 563
Tested: 19
Tested: 684631
Tested: 914
Tested: 198
Tested: 6
Tested: 45
Tested: 9
Tested: 63454
Tested: 6567
Tested: 6874
Tested: 52545
Tested: 6787
Tested: 98
Tested: 686707
Tested: 896
Tested: 4
Tested: 65678679
Tested: 45635
Tested: 678
Tested: @
Tested: $
Tested: #
Tested: %
Tested: ^
Tested: &
Tested: &
Tested: *23423#
Tested: %Qw4
Tested: 65#
Tested: 34356
Tested: #
Tested: 5345667@#
Tested: 456784
Tested: #
Tested: 45356!@
Tested: 342345
Tested: #%3436
Tested: asd
Tested: 231
Tested: 345
Tested: 44
Tested: 567578856
Tested: 35
Tested: 2342534
Tested: 645
Tested: 67
Tested: 785786
Tested: 74
Tested: 63
Tested: 5625
Tested: 24
Tested: 566
Tested: 47
Tested: 68
Tested: 456
Tested: 3523
Tested: 12356982@
